  code_editor.cpp
  imgui.cpp
  imgui_demo.cpp
  imgui_draw.cpp
  imgui_freetype.cpp
  imgui_impl_dx9.cpp
  imgui_impl_win32.cpp
  imgui_tables.cpp
  imgui_widgets.cpp
  blur.cpp
  autowall.cpp
  slowwalk.cpp
  animation_system.cpp
  local_animations.cpp
  resolver.cpp
  setup_bones.cpp
  legitbot.cpp
  menu.cpp
  airstrafe.cpp
  bunnyhop.cpp
  fakelag.cpp
  key_binds.cpp
  logs.cpp
  misc.cpp
  prediction_system.cpp
  spammers.cpp
  aim.cpp
  antiaim.cpp
  knifebot.cpp
  zeusbot.cpp
  GrenadePrediction.cpp
  bullet_tracers.cpp
  dormant_esp.cpp
  nightmode.cpp
  other_esp.cpp
  player_esp.cpp
  world_esp.cpp
  configs.cpp
  hooks.cpp
  hooked_beginframe.cpp
  hooked_createmove.cpp
  hooked_dme.cpp
  hooked_drawfog.cpp
  hooked_events.cpp
  hooked_findmdl.cpp
  hooked_fsn.cpp
  hooked_getmaterial.cpp
  hooked_isconnected.cpp
  hooked_ishltv.cpp
  hooked_listleavesinbox.cpp
  hooked_lockcursor.cpp
  hooked_overrideview.cpp
  hooked_painttraverse.cpp
  hooked_player.cpp
  hooked_postscreeneffects.cpp
  hooked_runcommand.cpp
  hooked_sceneend.cpp
  hooked_senddatagram.cpp
  hooked_trace.cpp
  vfunc_hook.cpp
  Clua.cpp
  main.cpp
  SkinChanger.cpp
  Convar.cpp
  structs.cpp
  csgo.cpp
  ctx.cpp
  draw_manager.cpp
  math.cpp
  netmanager.cpp
  recv.cpp
  util.cpp
LINK : warning LNK4098: библиотека по умолчанию "LIBCMT" конфликтует с использованием других библиотек; используйте /NODEFAULTLIB:library
  Создание кода
  1905 of 22482 functions ( 8.5%) were compiled, the rest were copied from previous compilation.
    12 functions were new in current compilation
    864 functions had inline decision re-evaluated but remain unchanged
  Создание кода завершено
  Shonax.vcxproj -> D:\sources\C++\cheats\neverlose\build\Win32\Real Debug\neverlose_upd.dll
