d:\code\neverlose_shit\bin\win32\release\resolver.obj
d:\code\neverlose_shit\bin\win32\release\logs.obj
d:\code\neverlose_shit\bin\win32\release\bullet_tracers.obj
d:\code\neverlose_shit\bin\win32\release\hooked_beginframe.obj
d:\code\neverlose_shit\bin\win32\release\hooked_fsn.obj
d:\code\neverlose_shit\bin\win32\release\hooked_runcommand.obj
d:\code\neverlose_shit\bin\win32\release\imgui.obj
d:\code\neverlose_shit\bin\win32\release\imgui_tables.obj
d:\code\neverlose_shit\bin\win32\release\main.obj
d:\code\neverlose_shit\bin\win32\release\draw_manager.obj
d:\code\neverlose_shit\bin\win32\release\animation_system.obj
d:\code\neverlose_shit\bin\win32\release\airstrafe.obj
d:\code\neverlose_shit\bin\win32\release\antiaim.obj
d:\code\neverlose_shit\bin\win32\release\player_esp.obj
d:\code\neverlose_shit\bin\win32\release\hooked_events.obj
d:\code\neverlose_shit\bin\win32\release\hooked_postscreeneffects.obj
d:\code\neverlose_shit\bin\win32\release\code_editor.obj
d:\code\neverlose_shit\bin\win32\release\color.obj
d:\code\neverlose_shit\bin\win32\release\utlstring.obj
d:\code\neverlose_shit\bin\win32\release\ctx.obj
d:\code\neverlose_shit\bin\win32\release\util.obj
d:\code\neverlose_shit\bin\win32\release\local_animations.obj
d:\code\neverlose_shit\bin\win32\release\key_binds.obj
d:\code\neverlose_shit\bin\win32\release\knifebot.obj
d:\code\neverlose_shit\bin\win32\release\configs.obj
d:\code\neverlose_shit\bin\win32\release\hooked_ishltv.obj
d:\code\neverlose_shit\bin\win32\release\hooked_senddatagram.obj
d:\code\neverlose_shit\bin\win32\release\imgui_draw.obj
d:\code\neverlose_shit\bin\win32\release\imgui_impl_win32.obj
d:\code\neverlose_shit\bin\win32\release\clua.obj
d:\code\neverlose_shit\bin\win32\release\blur.obj
d:\code\neverlose_shit\bin\win32\release\menu.obj
d:\code\neverlose_shit\bin\win32\release\spammers.obj
d:\code\neverlose_shit\bin\win32\release\nightmode.obj
d:\code\neverlose_shit\bin\win32\release\hooked_dme.obj
d:\code\neverlose_shit\bin\win32\release\hooked_lockcursor.obj
d:\code\neverlose_shit\bin\win32\release\hooked_isconnected.obj
d:\code\neverlose_shit\bin\win32\release\skinchanger.obj
d:\code\neverlose_shit\bin\win32\release\math.obj
d:\code\neverlose_shit\bin\win32\release\autowall.obj
d:\code\neverlose_shit\bin\win32\release\fakelag.obj
d:\code\neverlose_shit\bin\win32\release\zeusbot.obj
d:\code\neverlose_shit\bin\win32\release\world_esp.obj
d:\code\neverlose_shit\bin\win32\release\hooked_drawfog.obj
d:\code\neverlose_shit\bin\win32\release\hooked_overrideview.obj
d:\code\neverlose_shit\bin\win32\release\hooked_trace.obj
d:\code\neverlose_shit\bin\win32\release\custom_sounds.obj
d:\code\neverlose_shit\bin\win32\release\md5.obj
d:\code\neverlose_shit\bin\win32\release\netmanager.obj
d:\code\neverlose_shit\bin\win32\release\setup_bones.obj
d:\code\neverlose_shit\bin\win32\release\bunnyhop.obj
d:\code\neverlose_shit\bin\win32\release\aim.obj
d:\code\neverlose_shit\bin\win32\release\other_esp.obj
d:\code\neverlose_shit\bin\win32\release\hooked_findmdl.obj
d:\code\neverlose_shit\bin\win32\release\hooked_painttraverse.obj
d:\code\neverlose_shit\bin\win32\release\vfunc_hook.obj
d:\code\neverlose_shit\bin\win32\release\vector2d.obj
d:\code\neverlose_shit\bin\win32\release\vector4d.obj
d:\code\neverlose_shit\bin\win32\release\memory.obj
d:\code\neverlose_shit\bin\win32\release\utlbuffer.obj
d:\code\neverlose_shit\bin\win32\release\csgo.obj
d:\code\neverlose_shit\bin\win32\release\twofish.obj
d:\code\neverlose_shit\bin\win32\release\slowwalk.obj
d:\code\neverlose_shit\bin\win32\release\misc.obj
d:\code\neverlose_shit\bin\win32\release\dormant_esp.obj
d:\code\neverlose_shit\bin\win32\release\hooks.obj
d:\code\neverlose_shit\bin\win32\release\hooked_listleavesinbox.obj
d:\code\neverlose_shit\bin\win32\release\hooked_player.obj
d:\code\neverlose_shit\bin\win32\release\imgui_freetype.obj
d:\code\neverlose_shit\bin\win32\release\imgui_widgets.obj
d:\code\neverlose_shit\bin\win32\release\item_definitions.obj
d:\code\neverlose_shit\bin\win32\release\platform.obj
d:\code\neverlose_shit\bin\win32\release\vmatrix.obj
d:\code\neverlose_shit\bin\win32\release\convar.obj
d:\code\neverlose_shit\bin\win32\release\recv.obj
d:\code\neverlose_shit\bin\win32\release\legitbot.obj
d:\code\neverlose_shit\bin\win32\release\prediction_system.obj
d:\code\neverlose_shit\bin\win32\release\grenadeprediction.obj
d:\code\neverlose_shit\bin\win32\release\hooked_createmove.obj
d:\code\neverlose_shit\bin\win32\release\hooked_getmaterial.obj
d:\code\neverlose_shit\bin\win32\release\hooked_sceneend.obj
d:\code\neverlose_shit\bin\win32\release\imgui_demo.obj
d:\code\neverlose_shit\bin\win32\release\imgui_impl_dx9.obj
d:\code\neverlose_shit\bin\win32\release\cluahook.obj
d:\code\neverlose_shit\bin\win32\release\characterset.obj
d:\code\neverlose_shit\bin\win32\release\checksum_crc.obj
d:\code\neverlose_shit\bin\win32\release\checksum_md5.obj
d:\code\neverlose_shit\bin\win32\release\threadtools.obj
d:\code\neverlose_shit\bin\win32\release\structs.obj
d:\code\neverlose_shit\bin\win32\release\sha-256.obj
d:\code\neverlose_shit\bin\win32\release\vc143.pdb
d:\code\neverlose_shit\bin\win32\release\lcode.obj
d:\code\neverlose_shit\bin\win32\release\liolib.obj
d:\code\neverlose_shit\bin\win32\release\lstring.obj
d:\code\neverlose_shit\bin\win32\release\lutf8lib.obj
d:\code\neverlose_shit\bin\win32\release\lbaselib.obj
d:\code\neverlose_shit\bin\win32\release\ldump.obj
d:\code\neverlose_shit\bin\win32\release\loadlib.obj
d:\code\neverlose_shit\bin\win32\release\lapi.obj
d:\code\neverlose_shit\bin\win32\release\llex.obj
d:\code\neverlose_shit\bin\win32\release\lparser.obj
d:\code\neverlose_shit\bin\win32\release\luac.obj
d:\code\neverlose_shit\bin\win32\release\ldblib.obj
d:\code\neverlose_shit\bin\win32\release\lfunc.obj
d:\code\neverlose_shit\bin\win32\release\lobject.obj
d:\code\neverlose_shit\bin\win32\release\ltm.obj
d:\code\neverlose_shit\bin\win32\release\lzio.obj
d:\code\neverlose_shit\bin\win32\release\lcorolib.obj
d:\code\neverlose_shit\bin\win32\release\linit.obj
d:\code\neverlose_shit\bin\win32\release\lopcodes.obj
d:\code\neverlose_shit\bin\win32\release\ltable.obj
d:\code\neverlose_shit\bin\win32\release\lvm.obj
d:\code\neverlose_shit\bin\win32\release\lctype.obj
d:\code\neverlose_shit\bin\win32\release\ldo.obj
d:\code\neverlose_shit\bin\win32\release\lmem.obj
d:\code\neverlose_shit\bin\win32\release\loslib.obj
d:\code\neverlose_shit\bin\win32\release\lundump.obj
d:\code\neverlose_shit\bin\win32\release\lauxlib.obj
d:\code\neverlose_shit\bin\win32\release\lmathlib.obj
d:\code\neverlose_shit\bin\win32\release\lstrlib.obj
d:\code\neverlose_shit\bin\win32\release\ldebug.obj
d:\code\neverlose_shit\bin\win32\release\lgc.obj
d:\code\neverlose_shit\bin\win32\release\lstate.obj
d:\code\neverlose_shit\bin\win32\release\ltablib.obj
d:\code\neverlose_shit\bin\win32\release\niggapoop.ipdb
d:\code\neverlose_shit\bin\win32\release\niggapoop.iobj
d:\code\neverlose_shit\build\win32\release\niggapoop.pdb
d:\code\neverlose_shit\bin\win32\release\shonax.vcxproj.filelistabsolute.txt
d:\code\neverlose_shit\bin\win32\release\anzolhook.tlog\cl.command.1.tlog
d:\code\neverlose_shit\bin\win32\release\anzolhook.tlog\cl.read.1.tlog
d:\code\neverlose_shit\bin\win32\release\anzolhook.tlog\cl.write.1.tlog
d:\code\neverlose_shit\bin\win32\release\anzolhook.tlog\link.command.1.tlog
d:\code\neverlose_shit\bin\win32\release\anzolhook.tlog\link.read.1.tlog
d:\code\neverlose_shit\bin\win32\release\anzolhook.tlog\link.write.1.tlog
