  blur.cpp
  autowall.cpp
  slowwalk.cpp
  animation_system.cpp
  local_animations.cpp
  resolver.cpp
  setup_bones.cpp
  legitbot.cpp
  menu.cpp
  airstrafe.cpp
  bunnyhop.cpp
  fakelag.cpp
  key_binds.cpp
  logs.cpp
  misc.cpp
  prediction_system.cpp
  spammers.cpp
  aim.cpp
  antiaim.cpp
  knifebot.cpp
  zeusbot.cpp
  bullet_tracers.cpp
  dormant_esp.cpp
  GrenadePrediction.cpp
  nightmode.cpp
  other_esp.cpp
  player_esp.cpp
  world_esp.cpp
  configs.cpp
  hooks.cpp
  hooked_beginframe.cpp
  hooked_createmove.cpp
  hooked_dme.cpp
  hooked_drawfog.cpp
  hooked_events.cpp
  hooked_findmdl.cpp
  hooked_fsn.cpp
  hooked_getmaterial.cpp
  hooked_ishltv.cpp
  hooked_listleavesinbox.cpp
  hooked_lockcursor.cpp
  hooked_overrideview.cpp
  hooked_painttraverse.cpp
  hooked_postscreeneffects.cpp
  hooked_runcommand.cpp
  hooked_sceneend.cpp
  hooked_senddatagram.cpp
  hooked_player.cpp
  hooked_isconnected.cpp
  hooked_trace.cpp
  vfunc_hook.cpp
  code_editor.cpp
  imgui.cpp
  imgui_demo.cpp
  imgui_draw.cpp
  imgui_freetype.cpp
  imgui_impl_dx9.cpp
  imgui_impl_win32.cpp
  imgui_tables.cpp
  imgui_widgets.cpp
  Clua.cpp
  CLuaHook.cpp
  main.cpp
  item_definitions.cpp
  SkinChanger.cpp
  Platform.cpp
  custom_sounds.cpp
  Vector2D.cpp
  Vector4D.cpp
  VMatrix.cpp
  Memory.cpp
  characterset.cpp
  checksum_crc.cpp
  checksum_md5.cpp
  Color.cpp
  Convar.cpp
  threadtools.cpp
  UtlBuffer.cpp
  UtlString.cpp
  structs.cpp
  csgo.cpp
  ctx.cpp
  draw_manager.cpp
  math.cpp
  md5.cpp
  netmanager.cpp
  recv.cpp
  sha-256.cpp
  twofish.cpp
  util.cpp
  lapi.c
  lauxlib.c
  lbaselib.c
  lcode.c
  lcorolib.c
  lctype.c
  ldblib.c
  ldebug.c
  ldo.c
  ldump.c
  lfunc.c
  lgc.c
  linit.c
  liolib.c
  llex.c
  lmathlib.c
  lmem.c
  loadlib.c
  lobject.c
  lopcodes.c
  loslib.c
  lparser.c
  lstate.c
  lstring.c
  lstrlib.c
  ltable.c
  ltablib.c
  ltm.c
  luac.c
  lundump.c
  lutf8lib.c
  lvm.c
  lzio.c
LINK : warning LNK4098: 默认库“LIBCMT”与其他库的使用冲突；请使用 /NODEFAULTLIB:library
  正在生成代码
  Previous IPDB was built with incompatible compiler, fall back to full compilation.
  All 22509 functions were compiled because no usable IPDB/IOBJ from previous compilation was found.
  已完成代码的生成
  Shonax.vcxproj -> D:\code\neverlose_shit\build\Win32\Release\niggapoop.dll
